17:17:46.708 INFO [GridLauncherV3.launch] - Selenium build info: version: '3.14.0', revision: 'aacccce0'
17:17:46.710 INFO [GridLauncherV3$1.launch] - Launching a standalone Selenium Server on port 4444
2018-08-26 17:17:46.824:INFO::main: Logging initialized @462ms to org.seleniumhq.jetty9.util.log.StdErrLog
17:17:47.070 INFO [SeleniumServer.boot] - Selenium Server is up and running on port 4444
17:17:47.567 INFO [ActiveSessionFactory.apply] - Capabilities are: {
  "acceptSslCerts": true,
  "browserName": "chrome",
  "javascriptEnabled": true,
  "name": "Login Test"
}
17:17:47.569 INFO [ActiveSessionFactory.lambda$apply$11] - Matched factory org.openqa.selenium.remote.server.ServicedSession$Factory (provider: org.openqa.selenium.chrome.ChromeDriverService)
Starting ChromeDriver 2.41.578700 (2f1ed5f9343c13f73144538f15c00b370eda6706) on port 31074
Only local connections are allowed.
17:17:50.922 INFO [ProtocolHandshake.createSession] - Detected dialect: OSS
17:17:51.577 INFO [RemoteSession$Factory.lambda$performHandshake$0] - Started new session 5ee4ae180cdc2739bab60aeb2ffbbc8e (org.openqa.selenium.chrome.ChromeDriverService)
17:17:52.685 INFO [ActiveSessions$1.onStop] - Removing session 5ee4ae180cdc2739bab60aeb2ffbbc8e (org.openqa.selenium.chrome.ChromeDriverService)
17:17:52.758 INFO [ActiveSessionFactory.apply] - Capabilities are: {
  "acceptSslCerts": true,
  "browserName": "chrome",
  "javascriptEnabled": true,
  "name": "Login Test"
}
17:17:52.758 INFO [ActiveSessionFactory.lambda$apply$11] - Matched factory org.openqa.selenium.remote.server.ServicedSession$Factory (provider: org.openqa.selenium.chrome.ChromeDriverService)
Starting ChromeDriver 2.41.578700 (2f1ed5f9343c13f73144538f15c00b370eda6706) on port 7785
Only local connections are allowed.
17:17:55.942 INFO [ProtocolHandshake.createSession] - Detected dialect: OSS
17:17:56.006 INFO [RemoteSession$Factory.lambda$performHandshake$0] - Started new session 67c5dde601092959af43143b18b0be3b (org.openqa.selenium.chrome.ChromeDriverService)
17:17:59.255 INFO [ActiveSessions$1.onStop] - Removing session 67c5dde601092959af43143b18b0be3b (org.openqa.selenium.chrome.ChromeDriverService)
